1级告警20201024-20201030.csv
2级告警20201024-20201030.csv
3级告警20201024-20201030.csv
【====当前时间=====】
 2020-10-31 17:00:01
文件目录已经存在
连接到mysql服务器...............成功！
连接到数据库查询数据..................
连接到数据库查询数据.............成功！
创建csv/1级告警20201024-20201030.csv成功
文件目录已经存在
连接到mysql服务器...............成功！
连接到数据库查询数据..................
连接到数据库查询数据.............成功！
创建csv/2级告警20201024-20201030.csv成功
文件目录已经存在
连接到mysql服务器...............成功！
连接到数据库查询数据..................
连接到数据库查询数据.............成功！
创建csv/3级告警20201024-20201030.csv成功
csv文件压缩成功
tar文件删除成功
当前路径2 /root/mysql/csv
正在发送邮件
success
1级告警20201024-20201031.csv
2级告警20201024-20201031.csv
3级告警20201024-20201031.csv
程序开始时间为： 2020-10-31 18:00:01.613654
文件目录已经存在
连接到mysql服务器...............成功！
连接到数据库查询数据..................
连接到数据库查询数据.............成功！
创建csv/1级告警20201024-20201031.csv成功
文件目录已经存在
连接到mysql服务器...............成功！
连接到数据库查询数据..................
连接到数据库查询数据.............成功！
创建csv/2级告警20201024-20201031.csv成功
文件目录已经存在
连接到mysql服务器...............成功！
连接到数据库查询数据..................
连接到数据库查询数据.............成功！
创建csv/3级告警20201024-20201031.csv成功
csv文件压缩成功
csv文件删除成功
程序开始时间为： 2020-10-31 18:00:30.870028
总共耗时：0:00:29.256374 秒
正在发送邮件...............
邮件发送.........success
1级告警20201024-20201031.csv
2级告警20201024-20201031.csv
3级告警20201024-20201031.csv




【程序开始时间为：】 2020-10-31 19:00:01.892746
文件目录已经存在
连接到mysql服务器...............成功！
连接到数据库查询数据..................
连接到数据库查询数据.............成功！
创建csv/1级告警20201024-20201031.csv成功
文件目录已经存在
连接到mysql服务器...............成功！
连接到数据库查询数据..................
连接到数据库查询数据.............成功！
创建csv/2级告警20201024-20201031.csv成功
文件目录已经存在
连接到mysql服务器...............成功！
连接到数据库查询数据..................
连接到数据库查询数据.............成功！
创建csv/3级告警20201024-20201031.csv成功
csv文件压缩成功
csv文件删除成功
程序开始时间为： 2020-10-31 19:05:35.285937
Traceback (most recent call last):
  File "main.py", line 27, in <module>
    print("总共耗时：%d秒" % cost_time)
TypeError: %d format: a number is required, not str
1级告警20201024-20201030.csv
2级告警20201024-20201030.csv
3级告警20201024-20201030.csv




【程序开始时间为：】 2020-10-31 20:00:01.652449
文件目录已经存在
连接到mysql服务器...............成功！
连接到数据库查询数据..................
连接到数据库查询数据.............成功！
创建csv/1级告警20201024-20201030.csv成功
文件目录已经存在
连接到mysql服务器...............成功！
连接到数据库查询数据..................
连接到数据库查询数据.............成功！
创建csv/2级告警20201024-20201030.csv成功
文件目录已经存在
连接到mysql服务器...............成功！
连接到数据库查询数据..................
连接到数据库查询数据.............成功！
创建csv/3级告警20201024-20201030.csv成功
csv文件压缩成功
csv文件删除成功
程序开始时间为： 2020-10-31 20:05:32.411465
查询总共耗时：0:05:30.759016
正在发送邮件...............
邮件发送.........success
1级告警20201024-20201030.csv
2级告警20201024-20201030.csv
3级告警20201024-20201030.csv




【程序开始时间为：】 2020-10-31 21:00:01.950062
文件目录已经存在
连接到mysql服务器...............成功！
连接到数据库查询数据..................
连接到数据库查询数据.............成功！
创建csv/1级告警20201024-20201030.csv成功
文件目录已经存在
连接到mysql服务器...............成功！
连接到数据库查询数据..................
连接到数据库查询数据.............成功！
创建csv/2级告警20201024-20201030.csv成功
文件目录已经存在
连接到mysql服务器...............成功！
连接到数据库查询数据..................
连接到数据库查询数据.............成功！
创建csv/3级告警20201024-20201030.csv成功
csv文件压缩成功
csv文件删除成功
程序开始时间为： 2020-10-31 21:05:50.023951
查询总共耗时：0:05:48.073889
正在发送邮件...............
邮件发送.........success
1级告警20201024-20201030.csv
2级告警20201024-20201030.csv
3级告警20201024-20201030.csv




【程序开始时间为：】 2020-10-31 22:00:01.745148
文件目录已经存在
连接到mysql服务器...............成功！
连接到数据库查询数据..................
连接到数据库查询数据.............成功！
创建csv/1级告警20201024-20201030.csv成功
文件目录已经存在
连接到mysql服务器...............成功！
连接到数据库查询数据..................
连接到数据库查询数据.............成功！
创建csv/2级告警20201024-20201030.csv成功
文件目录已经存在
连接到mysql服务器...............成功！
连接到数据库查询数据..................
连接到数据库查询数据.............成功！
创建csv/3级告警20201024-20201030.csv成功
csv文件压缩成功
csv文件删除成功
程序开始时间为： 2020-10-31 22:05:35.512716
查询总共耗时：0:05:33.767568
正在发送邮件...............
邮件发送.........success
1级告警20201024-20201030.csv
2级告警20201024-20201030.csv
3级告警20201024-20201030.csv




【程序开始时间为：】 2020-10-31 23:00:02.097381
文件目录已经存在
连接到mysql服务器...............成功！
连接到数据库查询数据..................
连接到数据库查询数据.............成功！
创建csv/1级告警20201024-20201030.csv成功
文件目录已经存在
连接到mysql服务器...............成功！
连接到数据库查询数据..................
连接到数据库查询数据.............成功！
创建csv/2级告警20201024-20201030.csv成功
文件目录已经存在
连接到mysql服务器...............成功！
连接到数据库查询数据..................
连接到数据库查询数据.............成功！
创建csv/3级告警20201024-20201030.csv成功
csv文件压缩成功
csv文件删除成功
程序开始时间为： 2020-10-31 23:05:48.962956
查询总共耗时：0:05:46.865575
正在发送邮件...............
邮件发送.........success
1级告警20201025-20201100.csv
2级告警20201025-20201100.csv
3级告警20201025-20201100.csv




【程序开始时间为：】 2020-11-01 00:00:01.219665
文件目录已经存在
连接到mysql服务器...............成功！
连接到数据库查询数据..................
连接到数据库查询数据.............成功！
创建csv/1级告警20201025-20201100.csv成功
文件目录已经存在
连接到mysql服务器...............成功！
连接到数据库查询数据..................
连接到数据库查询数据.............成功！
创建csv/2级告警20201025-20201100.csv成功
文件目录已经存在
连接到mysql服务器...............成功！
连接到数据库查询数据..................
连接到数据库查询数据.............成功！
创建csv/3级告警20201025-20201100.csv成功
csv文件压缩成功
csv文件删除成功
程序开始时间为： 2020-11-01 00:05:35.091793
查询总共耗时：0:05:33.872128
正在发送邮件...............
邮件发送.........success
1级告警20201025-20201100.csv
2级告警20201025-20201100.csv
3级告警20201025-20201100.csv




【程序开始时间为：】 2020-11-01 01:00:01.785342
文件目录已经存在
连接到mysql服务器...............成功！
连接到数据库查询数据..................
连接到数据库查询数据.............成功！
创建csv/1级告警20201025-20201100.csv成功
文件目录已经存在
连接到mysql服务器...............成功！
连接到数据库查询数据..................
连接到数据库查询数据.............成功！
创建csv/2级告警20201025-20201100.csv成功
文件目录已经存在
连接到mysql服务器...............成功！
连接到数据库查询数据..................
连接到数据库查询数据.............成功！
创建csv/3级告警20201025-20201100.csv成功
csv文件压缩成功
csv文件删除成功
程序开始时间为： 2020-11-01 01:05:38.204479
查询总共耗时：0:05:36.419137
正在发送邮件...............
邮件发送.........success
1级告警20201025-20201100.csv
2级告警20201025-20201100.csv
3级告警20201025-20201100.csv




【程序开始时间为：】 2020-11-01 02:00:02.125015
文件目录已经存在
连接到mysql服务器...............成功！
连接到数据库查询数据..................
连接到数据库查询数据.............成功！
创建csv/1级告警20201025-20201100.csv成功
文件目录已经存在
连接到mysql服务器...............成功！
连接到数据库查询数据..................
连接到数据库查询数据.............成功！
创建csv/2级告警20201025-20201100.csv成功
文件目录已经存在
连接到mysql服务器...............成功！
连接到数据库查询数据..................
连接到数据库查询数据.............成功！
创建csv/3级告警20201025-20201100.csv成功
csv文件压缩成功
csv文件删除成功
程序开始时间为： 2020-11-01 02:05:53.214960
查询总共耗时：0:05:51.089945
正在发送邮件...............
邮件发送.........success
1级告警20201025-20201100.csv
2级告警20201025-20201100.csv
3级告警20201025-20201100.csv




【程序开始时间为：】 2020-11-01 03:00:01.545052
文件目录已经存在
连接到mysql服务器...............成功！
连接到数据库查询数据..................
连接到数据库查询数据.............成功！
创建csv/1级告警20201025-20201100.csv成功
文件目录已经存在
连接到mysql服务器...............成功！
连接到数据库查询数据..................
连接到数据库查询数据.............成功！
创建csv/2级告警20201025-20201100.csv成功
文件目录已经存在
连接到mysql服务器...............成功！
连接到数据库查询数据..................
连接到数据库查询数据.............成功！
创建csv/3级告警20201025-20201100.csv成功
csv文件压缩成功
csv文件删除成功
程序开始时间为： 2020-11-01 03:06:51.378301
查询总共耗时：0:06:49.833249
正在发送邮件...............
邮件发送.........success
1级告警20201025-20201100.csv
2级告警20201025-20201100.csv
3级告警20201025-20201100.csv




【程序开始时间为：】 2020-11-01 04:00:02.043813
文件目录已经存在
连接到mysql服务器...............成功！
连接到数据库查询数据..................
连接到数据库查询数据.............成功！
创建csv/1级告警20201025-20201100.csv成功
文件目录已经存在
连接到mysql服务器...............成功！
连接到数据库查询数据..................
连接到数据库查询数据.............成功！
创建csv/2级告警20201025-20201100.csv成功
文件目录已经存在
连接到mysql服务器...............成功！
连接到数据库查询数据..................
连接到数据库查询数据.............成功！
创建csv/3级告警20201025-20201100.csv成功
csv文件压缩成功
csv文件删除成功
程序开始时间为： 2020-11-01 04:05:47.990134
查询总共耗时：0:05:45.946321
正在发送邮件...............
邮件发送.........success
1级告警20201025-20201100.csv
2级告警20201025-20201100.csv
3级告警20201025-20201100.csv




【程序开始时间为：】 2020-11-01 05:00:01.566695
文件目录已经存在
连接到mysql服务器...............成功！
连接到数据库查询数据..................
连接到数据库查询数据.............成功！
创建csv/1级告警20201025-20201100.csv成功
文件目录已经存在
连接到mysql服务器...............成功！
连接到数据库查询数据..................
连接到数据库查询数据.............成功！
创建csv/2级告警20201025-20201100.csv成功
文件目录已经存在
连接到mysql服务器...............成功！
连接到数据库查询数据..................
连接到数据库查询数据.............成功！
创建csv/3级告警20201025-20201100.csv成功
csv文件压缩成功
csv文件删除成功
程序开始时间为： 2020-11-01 05:05:30.840598
查询总共耗时：0:05:29.273903
正在发送邮件...............
邮件发送.........success
1级告警20201025-20201100.csv
2级告警20201025-20201100.csv
3级告警20201025-20201100.csv




【程序开始时间为：】 2020-11-01 06:00:01.955327
文件目录已经存在
连接到mysql服务器...............成功！
连接到数据库查询数据..................
连接到数据库查询数据.............成功！
创建csv/1级告警20201025-20201100.csv成功
文件目录已经存在
连接到mysql服务器...............成功！
连接到数据库查询数据..................
连接到数据库查询数据.............成功！
创建csv/2级告警20201025-20201100.csv成功
文件目录已经存在
连接到mysql服务器...............成功！
连接到数据库查询数据..................
连接到数据库查询数据.............成功！
创建csv/3级告警20201025-20201100.csv成功
csv文件压缩成功
csv文件删除成功
程序开始时间为： 2020-11-01 06:05:50.714187
查询总共耗时：0:05:48.758860
正在发送邮件...............
邮件发送.........success
1级告警20201025-20201100.csv
2级告警20201025-20201100.csv
3级告警20201025-20201100.csv




【程序开始时间为：】 2020-11-01 07:00:01.421863
文件目录已经存在
连接到mysql服务器...............成功！
连接到数据库查询数据..................
连接到数据库查询数据.............成功！
创建csv/1级告警20201025-20201100.csv成功
文件目录已经存在
连接到mysql服务器...............成功！
连接到数据库查询数据..................
连接到数据库查询数据.............成功！
创建csv/2级告警20201025-20201100.csv成功
文件目录已经存在
连接到mysql服务器...............成功！
连接到数据库查询数据..................
连接到数据库查询数据.............成功！
创建csv/3级告警20201025-20201100.csv成功
csv文件压缩成功
csv文件删除成功
程序开始时间为： 2020-11-01 07:05:43.890387
查询总共耗时：0:05:42.468524
正在发送邮件...............
邮件发送.........success
1级告警20201025-20201100.csv
2级告警20201025-20201100.csv
3级告警20201025-20201100.csv




【程序开始时间为：】 2020-11-01 08:00:01.198663
文件目录已经存在
连接到mysql服务器...............成功！
连接到数据库查询数据..................
连接到数据库查询数据.............成功！
创建csv/1级告警20201025-20201100.csv成功
文件目录已经存在
连接到mysql服务器...............成功！
连接到数据库查询数据..................
连接到数据库查询数据.............成功！
创建csv/2级告警20201025-20201100.csv成功
文件目录已经存在
连接到mysql服务器...............成功！
连接到数据库查询数据..................
连接到数据库查询数据.............成功！
创建csv/3级告警20201025-20201100.csv成功
csv文件压缩成功
csv文件删除成功
程序开始时间为： 2020-11-01 08:05:45.311368
查询总共耗时：0:05:44.112705
正在发送邮件...............
邮件发送.........success
1级告警20201025-20201100.csv
2级告警20201025-20201100.csv
3级告警20201025-20201100.csv




【程序开始时间为：】 2020-11-01 09:00:01.382663
文件目录已经存在
连接到mysql服务器...............成功！
连接到数据库查询数据..................
连接到数据库查询数据.............成功！
创建csv/1级告警20201025-20201100.csv成功
文件目录已经存在
连接到mysql服务器...............成功！
连接到数据库查询数据..................
连接到数据库查询数据.............成功！
创建csv/2级告警20201025-20201100.csv成功
文件目录已经存在
连接到mysql服务器...............成功！
连接到数据库查询数据..................
连接到数据库查询数据.............成功！
创建csv/3级告警20201025-20201100.csv成功
csv文件压缩成功
csv文件删除成功
程序开始时间为： 2020-11-01 09:05:53.915688
查询总共耗时：0:05:52.533025
正在发送邮件...............
邮件发送.........success
1级告警20201025-20201100.csv
2级告警20201025-20201100.csv
3级告警20201025-20201100.csv




【程序开始时间为：】 2020-11-01 10:00:01.430246
文件目录已经存在
连接到mysql服务器...............成功！
连接到数据库查询数据..................
连接到数据库查询数据.............成功！
创建csv/1级告警20201025-20201100.csv成功
文件目录已经存在
连接到mysql服务器...............成功！
连接到数据库查询数据..................
连接到数据库查询数据.............成功！
创建csv/2级告警20201025-20201100.csv成功
文件目录已经存在
连接到mysql服务器...............成功！
连接到数据库查询数据..................
连接到数据库查询数据.............成功！
创建csv/3级告警20201025-20201100.csv成功
csv文件压缩成功
csv文件删除成功
程序开始时间为： 2020-11-01 10:05:37.553945
查询总共耗时：0:05:36.123699
正在发送邮件...............
邮件发送.........success
1级告警20201025-20201100.csv
2级告警20201025-20201100.csv
3级告警20201025-20201100.csv




【程序开始时间为：】 2020-11-01 11:00:01.491379
文件目录已经存在
连接到mysql服务器...............成功！
连接到数据库查询数据..................
连接到数据库查询数据.............成功！
创建csv/1级告警20201025-20201100.csv成功
文件目录已经存在
连接到mysql服务器...............成功！
连接到数据库查询数据..................
连接到数据库查询数据.............成功！
创建csv/2级告警20201025-20201100.csv成功
文件目录已经存在
连接到mysql服务器...............成功！
连接到数据库查询数据..................
连接到数据库查询数据.............成功！
创建csv/3级告警20201025-20201100.csv成功
csv文件压缩成功
csv文件删除成功
程序开始时间为： 2020-11-01 11:05:43.632112
查询总共耗时：0:05:42.140733
正在发送邮件...............
邮件发送.........success
1级告警20201025-20201100.csv
2级告警20201025-20201100.csv
3级告警20201025-20201100.csv




【程序开始时间为：】 2020-11-01 12:00:01.208477
文件目录已经存在
连接到mysql服务器...............成功！
连接到数据库查询数据..................
连接到数据库查询数据.............成功！
创建csv/1级告警20201025-20201100.csv成功
文件目录已经存在
连接到mysql服务器...............成功！
连接到数据库查询数据..................
连接到数据库查询数据.............成功！
创建csv/2级告警20201025-20201100.csv成功
文件目录已经存在
连接到mysql服务器...............成功！
连接到数据库查询数据..................
连接到数据库查询数据.............成功！
创建csv/3级告警20201025-20201100.csv成功
csv文件压缩成功
csv文件删除成功
程序开始时间为： 2020-11-01 12:05:43.679587
查询总共耗时：0:05:42.471110
正在发送邮件...............
邮件发送.........success
1级告警20201025-20201100.csv
2级告警20201025-20201100.csv
3级告警20201025-20201100.csv




【程序开始时间为：】 2020-11-01 13:00:01.605241
文件目录已经存在
连接到mysql服务器...............成功！
连接到数据库查询数据..................
连接到数据库查询数据.............成功！
创建csv/1级告警20201025-20201100.csv成功
文件目录已经存在
连接到mysql服务器...............成功！
连接到数据库查询数据..................
连接到数据库查询数据.............成功！
创建csv/2级告警20201025-20201100.csv成功
文件目录已经存在
连接到mysql服务器...............成功！
连接到数据库查询数据..................
连接到数据库查询数据.............成功！
创建csv/3级告警20201025-20201100.csv成功
csv文件压缩成功
csv文件删除成功
程序开始时间为： 2020-11-01 13:05:37.433830
查询总共耗时：0:05:35.828589
正在发送邮件...............
邮件发送.........success
1级告警20201025-20201100.csv
2级告警20201025-20201100.csv
3级告警20201025-20201100.csv




【程序开始时间为：】 2020-11-01 14:00:01.536273
文件目录已经存在
连接到mysql服务器...............成功！
连接到数据库查询数据..................
连接到数据库查询数据.............成功！
创建csv/1级告警20201025-20201100.csv成功
文件目录已经存在
连接到mysql服务器...............成功！
连接到数据库查询数据..................
连接到数据库查询数据.............成功！
创建csv/2级告警20201025-20201100.csv成功
文件目录已经存在
连接到mysql服务器...............成功！
连接到数据库查询数据..................
连接到数据库查询数据.............成功！
创建csv/3级告警20201025-20201100.csv成功
csv文件压缩成功
csv文件删除成功
程序开始时间为： 2020-11-01 14:05:43.049254
查询总共耗时：0:05:41.512981
正在发送邮件...............
邮件发送.........success
1级告警20201025-20201100.csv
2级告警20201025-20201100.csv
3级告警20201025-20201100.csv




【程序开始时间为：】 2020-11-01 15:00:01.564722
文件目录已经存在
连接到mysql服务器...............成功！
连接到数据库查询数据..................
连接到数据库查询数据.............成功！
创建csv/1级告警20201025-20201100.csv成功
文件目录已经存在
连接到mysql服务器...............成功！
连接到数据库查询数据..................
连接到数据库查询数据.............成功！
创建csv/2级告警20201025-20201100.csv成功
文件目录已经存在
连接到mysql服务器...............成功！
连接到数据库查询数据..................
连接到数据库查询数据.............成功！
创建csv/3级告警20201025-20201100.csv成功
csv文件压缩成功
csv文件删除成功
程序开始时间为： 2020-11-01 15:05:38.688552
查询总共耗时：0:05:37.123830
正在发送邮件...............
邮件发送.........success
1级告警20201025-20201100.csv
2级告警20201025-20201100.csv
3级告警20201025-20201100.csv




【程序开始时间为：】 2020-11-01 16:00:01.455795
文件目录已经存在
连接到mysql服务器...............成功！
连接到数据库查询数据..................
连接到数据库查询数据.............成功！
创建csv/1级告警20201025-20201100.csv成功
文件目录已经存在
连接到mysql服务器...............成功！
连接到数据库查询数据..................
连接到数据库查询数据.............成功！
创建csv/2级告警20201025-20201100.csv成功
文件目录已经存在
连接到mysql服务器...............成功！
连接到数据库查询数据..................
连接到数据库查询数据.............成功！
创建csv/3级告警20201025-20201100.csv成功
csv文件压缩成功
csv文件删除成功
程序开始时间为： 2020-11-01 16:05:48.258817
查询总共耗时：0:05:46.803022
正在发送邮件...............
邮件发送.........success
1级告警20201025-20201100.csv
2级告警20201025-20201100.csv
3级告警20201025-20201100.csv




【程序开始时间为：】 2020-11-01 17:00:01.262996
文件目录已经存在
连接到mysql服务器...............成功！
连接到数据库查询数据..................
连接到数据库查询数据.............成功！
创建csv/1级告警20201025-20201100.csv成功
文件目录已经存在
连接到mysql服务器...............成功！
连接到数据库查询数据..................
连接到数据库查询数据.............成功！
创建csv/2级告警20201025-20201100.csv成功
文件目录已经存在
连接到mysql服务器...............成功！
连接到数据库查询数据..................
连接到数据库查询数据.............成功！
创建csv/3级告警20201025-20201100.csv成功
csv文件压缩成功
csv文件删除成功
程序开始时间为： 2020-11-01 17:05:34.465309
查询总共耗时：0:05:33.202313
正在发送邮件...............
邮件发送.........success
1级告警20201025-20201100.csv
2级告警20201025-20201100.csv
3级告警20201025-20201100.csv




【程序开始时间为：】 2020-11-01 18:00:01.279851
文件目录已经存在
连接到mysql服务器...............成功！
连接到数据库查询数据..................
连接到数据库查询数据.............成功！
创建csv/1级告警20201025-20201100.csv成功
文件目录已经存在
连接到mysql服务器...............成功！
连接到数据库查询数据..................
连接到数据库查询数据.............成功！
创建csv/2级告警20201025-20201100.csv成功
文件目录已经存在
连接到mysql服务器...............成功！
连接到数据库查询数据..................
连接到数据库查询数据.............成功！
创建csv/3级告警20201025-20201100.csv成功
csv文件压缩成功
csv文件删除成功
程序开始时间为： 2020-11-01 18:05:34.800504
查询总共耗时：0:05:33.520653
正在发送邮件...............
邮件发送.........success
1级告警20201025-20201100.csv
2级告警20201025-20201100.csv
3级告警20201025-20201100.csv




【程序开始时间为：】 2020-11-01 19:00:01.403221
文件目录已经存在
连接到mysql服务器...............成功！
连接到数据库查询数据..................
连接到数据库查询数据.............成功！
创建csv/1级告警20201025-20201100.csv成功
文件目录已经存在
连接到mysql服务器...............成功！
连接到数据库查询数据..................
连接到数据库查询数据.............成功！
创建csv/2级告警20201025-20201100.csv成功
文件目录已经存在
连接到mysql服务器...............成功！
连接到数据库查询数据..................
连接到数据库查询数据.............成功！
创建csv/3级告警20201025-20201100.csv成功
csv文件压缩成功
csv文件删除成功
程序开始时间为： 2020-11-01 19:05:20.356186
查询总共耗时：0:05:18.952965
正在发送邮件...............
邮件发送.........success
1级告警20201025-20201100.csv
2级告警20201025-20201100.csv
3级告警20201025-20201100.csv




【程序开始时间为：】 2020-11-01 20:00:01.378654
文件目录已经存在
连接到mysql服务器...............成功！
连接到数据库查询数据..................
连接到数据库查询数据.............成功！
创建csv/1级告警20201025-20201100.csv成功
文件目录已经存在
连接到mysql服务器...............成功！
连接到数据库查询数据..................
连接到数据库查询数据.............成功！
创建csv/2级告警20201025-20201100.csv成功
文件目录已经存在
连接到mysql服务器...............成功！
连接到数据库查询数据..................
连接到数据库查询数据.............成功！
创建csv/3级告警20201025-20201100.csv成功
csv文件压缩成功
csv文件删除成功
程序开始时间为： 2020-11-01 20:05:48.085391
查询总共耗时：0:05:46.706737
正在发送邮件...............
邮件发送.........success
1级告警20201025-20201100.csv
2级告警20201025-20201100.csv
3级告警20201025-20201100.csv




【程序开始时间为：】 2020-11-01 21:00:02.026445
文件目录已经存在
连接到mysql服务器...............成功！
连接到数据库查询数据..................
连接到数据库查询数据.............成功！
创建csv/1级告警20201025-20201100.csv成功
文件目录已经存在
连接到mysql服务器...............成功！
连接到数据库查询数据..................
连接到数据库查询数据.............成功！
创建csv/2级告警20201025-20201100.csv成功
文件目录已经存在
连接到mysql服务器...............成功！
连接到数据库查询数据..................
连接到数据库查询数据.............成功！
创建csv/3级告警20201025-20201100.csv成功
csv文件压缩成功
csv文件删除成功
程序开始时间为： 2020-11-01 21:05:33.801354
查询总共耗时：0:05:31.774909
正在发送邮件...............
邮件发送.........success
1级告警20201025-20201100.csv
2级告警20201025-20201100.csv
3级告警20201025-20201100.csv




【程序开始时间为：】 2020-11-01 22:00:01.257073
文件目录已经存在
连接到mysql服务器...............成功！
连接到数据库查询数据..................
连接到数据库查询数据.............成功！
创建csv/1级告警20201025-20201100.csv成功
文件目录已经存在
连接到mysql服务器...............成功！
连接到数据库查询数据..................
连接到数据库查询数据.............成功！
创建csv/2级告警20201025-20201100.csv成功
文件目录已经存在
连接到mysql服务器...............成功！
连接到数据库查询数据..................
连接到数据库查询数据.............成功！
创建csv/3级告警20201025-20201100.csv成功
csv文件压缩成功
csv文件删除成功
程序开始时间为： 2020-11-01 22:05:39.091098
查询总共耗时：0:05:37.834025
正在发送邮件...............
邮件发送.........success
1级告警20201025-20201100.csv
2级告警20201025-20201100.csv
3级告警20201025-20201100.csv




【程序开始时间为：】 2020-11-01 23:00:01.357500
文件目录已经存在
连接到mysql服务器...............成功！
连接到数据库查询数据..................
连接到数据库查询数据.............成功！
创建csv/1级告警20201025-20201100.csv成功
文件目录已经存在
连接到mysql服务器...............成功！
连接到数据库查询数据..................
连接到数据库查询数据.............成功！
创建csv/2级告警20201025-20201100.csv成功
文件目录已经存在
连接到mysql服务器...............成功！
连接到数据库查询数据..................
连接到数据库查询数据.............成功！
创建csv/3级告警20201025-20201100.csv成功
csv文件压缩成功
csv文件删除成功
程序开始时间为： 2020-11-01 23:05:33.303892
查询总共耗时：0:05:31.946392
正在发送邮件...............
邮件发送.........success
1级告警20201026-20201101.csv
2级告警20201026-20201101.csv
3级告警20201026-20201101.csv




【程序开始时间为：】 2020-11-02 00:00:01.661455
文件目录已经存在
连接到mysql服务器...............成功！
连接到数据库查询数据..................
连接到数据库查询数据.............成功！
创建csv/1级告警20201026-20201101.csv成功
文件目录已经存在
连接到mysql服务器...............成功！
连接到数据库查询数据..................
连接到数据库查询数据.............成功！
创建csv/2级告警20201026-20201101.csv成功
文件目录已经存在
连接到mysql服务器...............成功！
连接到数据库查询数据..................
连接到数据库查询数据.............成功！
创建csv/3级告警20201026-20201101.csv成功
csv文件压缩成功
csv文件删除成功
程序开始时间为： 2020-11-02 00:05:35.643666
查询总共耗时：0:05:33.982211
正在发送邮件...............
邮件发送.........success
1级告警20201026-20201101.csv
2级告警20201026-20201101.csv
3级告警20201026-20201101.csv




【程序开始时间为：】 2020-11-02 01:00:01.567849
文件目录已经存在
连接到mysql服务器...............成功！
连接到数据库查询数据..................
连接到数据库查询数据.............成功！
创建csv/1级告警20201026-20201101.csv成功
文件目录已经存在
连接到mysql服务器...............成功！
连接到数据库查询数据..................
连接到数据库查询数据.............成功！
创建csv/2级告警20201026-20201101.csv成功
文件目录已经存在
连接到mysql服务器...............成功！
连接到数据库查询数据..................
连接到数据库查询数据.............成功！
创建csv/3级告警20201026-20201101.csv成功
csv文件压缩成功
csv文件删除成功
程序开始时间为： 2020-11-02 01:05:23.246201
查询总共耗时：0:05:21.678352
正在发送邮件...............
邮件发送.........success
1级告警20201026-20201101.csv
2级告警20201026-20201101.csv
3级告警20201026-20201101.csv




【程序开始时间为：】 2020-11-02 02:00:02.014427
文件目录已经存在
连接到mysql服务器...............成功！
连接到数据库查询数据..................
连接到数据库查询数据.............成功！
创建csv/1级告警20201026-20201101.csv成功
文件目录已经存在
连接到mysql服务器...............成功！
连接到数据库查询数据..................
连接到数据库查询数据.............成功！
创建csv/2级告警20201026-20201101.csv成功
文件目录已经存在
连接到mysql服务器...............成功！
连接到数据库查询数据..................
连接到数据库查询数据.............成功！
创建csv/3级告警20201026-20201101.csv成功
csv文件压缩成功
csv文件删除成功
程序开始时间为： 2020-11-02 02:05:59.527834
查询总共耗时：0:05:57.513407
正在发送邮件...............
邮件发送.........success
1级告警20201026-20201101.csv
2级告警20201026-20201101.csv
3级告警20201026-20201101.csv




【程序开始时间为：】 2020-11-02 03:00:02.093605
文件目录已经存在
连接到mysql服务器...............成功！
连接到数据库查询数据..................
连接到数据库查询数据.............成功！
创建csv/1级告警20201026-20201101.csv成功
文件目录已经存在
连接到mysql服务器...............成功！
连接到数据库查询数据..................
连接到数据库查询数据.............成功！
创建csv/2级告警20201026-20201101.csv成功
文件目录已经存在
连接到mysql服务器...............成功！
连接到数据库查询数据..................
连接到数据库查询数据.............成功！
创建csv/3级告警20201026-20201101.csv成功
csv文件压缩成功
csv文件删除成功
程序开始时间为： 2020-11-02 03:07:04.894328
查询总共耗时：0:07:02.800723
正在发送邮件...............
邮件发送.........success
1级告警20201026-20201101.csv
2级告警20201026-20201101.csv
3级告警20201026-20201101.csv




【程序开始时间为：】 2020-11-02 04:00:02.028029
文件目录已经存在
连接到mysql服务器...............成功！
连接到数据库查询数据..................
连接到数据库查询数据.............成功！
创建csv/1级告警20201026-20201101.csv成功
文件目录已经存在
连接到mysql服务器...............成功！
连接到数据库查询数据..................
连接到数据库查询数据.............成功！
创建csv/2级告警20201026-20201101.csv成功
文件目录已经存在
连接到mysql服务器...............成功！
连接到数据库查询数据..................
连接到数据库查询数据.............成功！
创建csv/3级告警20201026-20201101.csv成功
csv文件压缩成功
csv文件删除成功
程序开始时间为： 2020-11-02 04:05:33.831068
查询总共耗时：0:05:31.803039
正在发送邮件...............
邮件发送.........success
1级告警20201026-20201101.csv
2级告警20201026-20201101.csv
3级告警20201026-20201101.csv




【程序开始时间为：】 2020-11-02 05:00:01.338009
文件目录已经存在
连接到mysql服务器...............成功！
连接到数据库查询数据..................
连接到数据库查询数据.............成功！
创建csv/1级告警20201026-20201101.csv成功
文件目录已经存在
连接到mysql服务器...............成功！
连接到数据库查询数据..................
连接到数据库查询数据.............成功！
创建csv/2级告警20201026-20201101.csv成功
文件目录已经存在
连接到mysql服务器...............成功！
连接到数据库查询数据..................
连接到数据库查询数据.............成功！
创建csv/3级告警20201026-20201101.csv成功
csv文件压缩成功
csv文件删除成功
程序开始时间为： 2020-11-02 05:05:33.801759
查询总共耗时：0:05:32.463750
正在发送邮件...............
邮件发送.........success
1级告警20201026-20201101.csv
2级告警20201026-20201101.csv
3级告警20201026-20201101.csv




【程序开始时间为：】 2020-11-02 06:00:01.727520
文件目录已经存在
连接到mysql服务器...............成功！
连接到数据库查询数据..................
连接到数据库查询数据.............成功！
创建csv/1级告警20201026-20201101.csv成功
文件目录已经存在
连接到mysql服务器...............成功！
连接到数据库查询数据..................
连接到数据库查询数据.............成功！
创建csv/2级告警20201026-20201101.csv成功
文件目录已经存在
连接到mysql服务器...............成功！
连接到数据库查询数据..................
连接到数据库查询数据.............成功！
创建csv/3级告警20201026-20201101.csv成功
csv文件压缩成功
csv文件删除成功
程序开始时间为： 2020-11-02 06:05:40.351601
查询总共耗时：0:05:38.624081
正在发送邮件...............
邮件发送.........success
1级告警20201026-20201101.csv
2级告警20201026-20201101.csv
3级告警20201026-20201101.csv




【程序开始时间为：】 2020-11-02 07:00:02.108812
文件目录已经存在
连接到mysql服务器...............成功！
连接到数据库查询数据..................
连接到数据库查询数据.............成功！
创建csv/1级告警20201026-20201101.csv成功
文件目录已经存在
连接到mysql服务器...............成功！
连接到数据库查询数据..................
连接到数据库查询数据.............成功！
创建csv/2级告警20201026-20201101.csv成功
文件目录已经存在
连接到mysql服务器...............成功！
连接到数据库查询数据..................
连接到数据库查询数据.............成功！
创建csv/3级告警20201026-20201101.csv成功
csv文件压缩成功
csv文件删除成功
程序开始时间为： 2020-11-02 07:05:32.081475
查询总共耗时：0:05:29.972663
正在发送邮件...............
邮件发送.........success
1级告警20201026-20201101.csv
2级告警20201026-20201101.csv
3级告警20201026-20201101.csv




【程序开始时间为：】 2020-11-02 08:00:01.311709
文件目录已经存在
连接到mysql服务器...............成功！
连接到数据库查询数据..................
连接到数据库查询数据.............成功！
创建csv/1级告警20201026-20201101.csv成功
文件目录已经存在
连接到mysql服务器...............成功！
连接到数据库查询数据..................
连接到数据库查询数据.............成功！
创建csv/2级告警20201026-20201101.csv成功
文件目录已经存在
连接到mysql服务器...............成功！
连接到数据库查询数据..................
连接到数据库查询数据.............成功！
创建csv/3级告警20201026-20201101.csv成功
csv文件压缩成功
csv文件删除成功
程序开始时间为： 2020-11-02 08:05:41.716305
查询总共耗时：0:05:40.404596
正在发送邮件...............
邮件发送.........success
1级告警20201026-20201101.csv
2级告警20201026-20201101.csv
3级告警20201026-20201101.csv




【程序开始时间为：】 2020-11-02 09:00:01.775971
文件目录已经存在
连接到mysql服务器...............成功！
连接到数据库查询数据..................
连接到数据库查询数据.............成功！
创建csv/1级告警20201026-20201101.csv成功
文件目录已经存在
连接到mysql服务器...............成功！
连接到数据库查询数据..................
连接到数据库查询数据.............成功！
创建csv/2级告警20201026-20201101.csv成功
文件目录已经存在
连接到mysql服务器...............成功！
连接到数据库查询数据..................
连接到数据库查询数据.............成功！
创建csv/3级告警20201026-20201101.csv成功
csv文件压缩成功
csv文件删除成功
程序开始时间为： 2020-11-02 09:08:12.646832
查询总共耗时：0:08:10.870861
正在发送邮件...............
邮件发送.........success




【程序开始时间为：】 2020-11-02 09:56:33.480249
今天不是周四，周四才能获取数据
请检查服务器时间或者等周四再取数据
再见！
1级告警20201026-20201101.csv
2级告警20201026-20201101.csv
3级告警20201026-20201101.csv




【程序开始时间为：】 2020-11-02 09:54:01.919185
今天是周四，正在获取数据......
文件目录已经存在
连接到mysql服务器...............成功！
连接到数据库查询数据..................
连接到数据库查询数据.............成功！
创建csv/1级告警20201026-20201101.csv成功
文件目录已经存在
连接到mysql服务器...............成功！
连接到数据库查询数据..................
连接到数据库查询数据.............成功！
创建csv/2级告警20201026-20201101.csv成功
文件目录已经存在
连接到mysql服务器...............成功！
连接到数据库查询数据..................
连接到数据库查询数据.............成功！
创建csv/3级告警20201026-20201101.csv成功
csv文件压缩成功
csv文件删除成功
程序开始时间为： 2020-11-02 09:59:54.610198
查询总共耗时：0:05:52.691013
正在发送邮件...............
邮件发送.........success
tar: *.csv：无法 stat: 没有那个文件或目录
tar: 由于前次错误，将以上次的错误状态退出




【程序开始时间为：】 2020-11-02 09:54:26.827507
今天是周四，正在获取数据......
文件目录已经存在
连接到mysql服务器...............成功！
连接到数据库查询数据..................
连接到数据库查询数据.............成功！
创建csv/1级告警20201026-20201101.csv成功
文件目录已经存在
连接到mysql服务器...............成功！
连接到数据库查询数据..................
连接到数据库查询数据.............成功！
创建csv/2级告警20201026-20201101.csv成功
文件目录已经存在
连接到mysql服务器...............成功！
连接到数据库查询数据..................
连接到数据库查询数据.............成功！
创建csv/3级告警20201026-20201101.csv成功
csv文件压缩失败
csv文件删除成功
程序开始时间为： 2020-11-02 10:00:28.932708
查询总共耗时：0:06:02.105201
正在发送邮件...............
邮件发送.........success
tar: *.csv：无法 stat: 没有那个文件或目录
tar: 由于前次错误，将以上次的错误状态退出




【程序开始时间为：】 2020-11-02 09:55:33.620944
今天是周四，正在获取数据......
文件目录已经存在
连接到mysql服务器...............成功！
连接到数据库查询数据..................
连接到数据库查询数据.............成功！
创建csv/1级告警20201026-20201101.csv成功
文件目录已经存在
连接到mysql服务器...............成功！
连接到数据库查询数据..................
连接到数据库查询数据.............成功！
创建csv/2级告警20201026-20201101.csv成功
文件目录已经存在
连接到mysql服务器...............成功！
连接到数据库查询数据..................
连接到数据库查询数据.............成功！
创建csv/3级告警20201026-20201101.csv成功
csv文件压缩失败
csv文件删除成功
程序开始时间为： 2020-11-02 10:01:22.485181
查询总共耗时：0:05:48.864237
正在发送邮件...............
邮件发送.........success




【程序开始时间为：】 2020-11-02 10:19:04.370085
今天不是周四，周四才能获取数据
请检查服务器时间或者等周四再取数据
再见！




【程序开始时间为：】 2020-11-02 10:24:01.352898
今天不是周四，周四才能获取数据
请检查服务器时间或者等周四再取数据
再见！




【程序开始时间为：】 2020-11-03 07:00:01.902504
今天不是周四，周四才能获取数据
请检查服务器时间或者等周四再取数据
再见！




【程序开始时间为：】 2020-11-04 07:00:01.366888
今天是周三，周四才能获取数据
请检查服务器时间或者等周四再取数据
程序退出.......................





【程序开始时间为：】 2020-11-05 07:00:02.160287
今天是周四，周四才能获取数据
请检查服务器时间或者等周四再取数据
程序退出.......................





【程序开始时间为：】 2020-11-06 07:00:02.034486
今天是周五，周四才能获取数据
请检查服务器时间或者等周四再取数据
程序退出.......................





【程序开始时间为：】 2020-11-07 07:00:01.337510
今天是周六，周四才能获取数据
请检查服务器时间或者等周四再取数据
程序退出.......................





【程序开始时间为：】 2020-11-08 07:00:02.043330
今天是周日，周四才能获取数据
请检查服务器时间或者等周四再取数据
程序退出.......................





【程序开始时间为：】 2020-11-09 07:00:01.534216
今天是周一，周四才能获取数据
请检查服务器时间或者等周四再取数据
程序退出.......................





【程序开始时间为：】 2020-11-10 07:00:01.624536
今天是周二，周四才能获取数据
请检查服务器时间或者等周四再取数据
程序退出.......................





【程序开始时间为：】 2020-11-11 07:00:01.698582
今天是周三，周四才能获取数据
请检查服务器时间或者等周四再取数据
程序退出.......................

1级告警20201105-20201112.csv
2级告警20201105-20201112.csv
3级告警20201105-20201112.csv




【程序开始时间为：】 2020-11-12 07:00:02.197167
今天是周四，正在获取数据......
文件目录已经存在
连接到mysql服务器...............成功！
连接到数据库查询数据..................
连接到数据库查询数据.............成功！
创建csv/1级告警20201105-20201112.csv成功
文件目录已经存在
连接到mysql服务器...............成功！
连接到数据库查询数据..................
连接到数据库查询数据.............成功！
创建csv/2级告警20201105-20201112.csv成功
文件目录已经存在
连接到mysql服务器...............成功！
连接到数据库查询数据..................
连接到数据库查询数据.............成功！
创建csv/3级告警20201105-20201112.csv成功
csv文件压缩成功
csv文件删除成功
程序开始时间为： 2020-11-12 07:06:44.253512
查询总共耗时：0:06:42.056345
正在发送邮件...............
邮件发送.........success




【程序开始时间为：】 2020-11-13 07:00:01.809010
今天是周五，周四才能获取数据
请检查服务器时间或者等周四再取数据
程序退出.......................





【程序开始时间为：】 2020-11-14 07:00:01.795401
今天是周六，周四才能获取数据
请检查服务器时间或者等周四再取数据
程序退出.......................





【程序开始时间为：】 2020-11-15 07:00:02.030770
今天是周日，周四才能获取数据
请检查服务器时间或者等周四再取数据
程序退出.......................





【程序开始时间为：】 2020-11-16 07:00:02.051958
今天是周一，周四才能获取数据
请检查服务器时间或者等周四再取数据
程序退出.......................





【程序开始时间为：】 2020-11-17 07:00:02.177362
今天是周二，周四才能获取数据
请检查服务器时间或者等周四再取数据
程序退出.......................





【程序开始时间为：】 2020-11-18 07:00:01.483131
今天是周三，周四才能获取数据
请检查服务器时间或者等周四再取数据
程序退出.......................

1级告警20201112-20201119.csv
2级告警20201112-20201119.csv
3级告警20201112-20201119.csv




【程序开始时间为：】 2020-11-19 07:00:02.002621
今天是周四，正在获取数据......
文件目录已经存在
连接到mysql服务器...............成功！
连接到数据库查询数据..................
连接到数据库查询数据.............成功！
创建csv/1级告警20201112-20201119.csv成功
文件目录已经存在
连接到mysql服务器...............成功！
连接到数据库查询数据..................
连接到数据库查询数据.............成功！
创建csv/2级告警20201112-20201119.csv成功
文件目录已经存在
连接到mysql服务器...............成功！
连接到数据库查询数据..................
连接到数据库查询数据.............成功！
创建csv/3级告警20201112-20201119.csv成功
csv文件压缩成功
csv文件删除成功
程序开始时间为： 2020-11-19 07:06:36.828441
查询总共耗时：0:06:34.825820
正在发送邮件...............
邮件发送.........success




【程序开始时间为：】 2020-11-20 07:00:01.552244
今天是周五，周四才能获取数据
请检查服务器时间或者等周四再取数据
程序退出.......................





【程序开始时间为：】 2020-11-21 07:00:01.702849
今天是周六，周四才能获取数据
请检查服务器时间或者等周四再取数据
程序退出.......................





【程序开始时间为：】 2020-11-22 07:00:01.296079
今天是周日，周四才能获取数据
请检查服务器时间或者等周四再取数据
程序退出.......................





【程序开始时间为：】 2020-11-23 07:00:01.747534
今天是周一，周四才能获取数据
请检查服务器时间或者等周四再取数据
程序退出.......................





【程序开始时间为：】 2020-11-24 07:00:02.182059
今天是周二，周四才能获取数据
请检查服务器时间或者等周四再取数据
程序退出.......................





【程序开始时间为：】 2020-11-25 07:00:02.081138
今天是周三，周四才能获取数据
请检查服务器时间或者等周四再取数据
程序退出.......................

1级告警20201119-20201126.csv
2级告警20201119-20201126.csv
3级告警20201119-20201126.csv




【程序开始时间为：】 2020-11-26 07:00:01.366059
今天是周四，正在获取数据......
文件目录已经存在
连接到mysql服务器...............成功！
连接到数据库查询数据..................
连接到数据库查询数据.............成功！
创建csv/1级告警20201119-20201126.csv成功
文件目录已经存在
连接到mysql服务器...............成功！
连接到数据库查询数据..................
连接到数据库查询数据.............成功！
创建csv/2级告警20201119-20201126.csv成功
文件目录已经存在
连接到mysql服务器...............成功！
连接到数据库查询数据..................
连接到数据库查询数据.............成功！
创建csv/3级告警20201119-20201126.csv成功
csv文件压缩成功
csv文件删除成功
程序开始时间为： 2020-11-26 07:09:04.838639
查询总共耗时：0:09:03.472580
正在发送邮件...............
邮件发送.........success




【程序开始时间为：】 2020-11-27 07:00:01.761594
今天是周五，周四才能获取数据
请检查服务器时间或者等周四再取数据
程序退出.......................





【程序开始时间为：】 2020-11-28 07:00:01.702181
今天是周六，周四才能获取数据
请检查服务器时间或者等周四再取数据
程序退出.......................





【程序开始时间为：】 2020-11-29 07:00:01.929138
今天是周日，周四才能获取数据
请检查服务器时间或者等周四再取数据
程序退出.......................





【程序开始时间为：】 2020-11-30 07:00:02.228648
今天是周一，周四才能获取数据
请检查服务器时间或者等周四再取数据
程序退出.......................





【程序开始时间为：】 2020-12-01 07:00:01.310855
今天是周二，周四才能获取数据
请检查服务器时间或者等周四再取数据
程序退出.......................





【程序开始时间为：】 2020-12-02 07:00:01.760332
今天是周三，周四才能获取数据
请检查服务器时间或者等周四再取数据
程序退出.......................

1级告警20201126-20201203.csv
2级告警20201126-20201203.csv
3级告警20201126-20201203.csv




【程序开始时间为：】 2020-12-03 07:00:01.555631
今天是周四，正在获取数据......
文件目录已经存在
连接到mysql服务器...............成功！
连接到数据库查询数据..................
连接到数据库查询数据.............成功！
创建csv/1级告警20201126-20201203.csv成功
文件目录已经存在
连接到mysql服务器...............成功！
连接到数据库查询数据..................
连接到数据库查询数据.............成功！
创建csv/2级告警20201126-20201203.csv成功
文件目录已经存在
连接到mysql服务器...............成功！
连接到数据库查询数据..................
连接到数据库查询数据.............成功！
创建csv/3级告警20201126-20201203.csv成功
csv文件压缩成功
csv文件删除成功
程序开始时间为： 2020-12-03 07:07:01.053313
查询总共耗时：0:06:59.497682
正在发送邮件...............
邮件发送.........success




【程序开始时间为：】 2020-12-04 07:00:01.318960
今天是周五，周四才能获取数据
请检查服务器时间或者等周四再取数据
程序退出.......................





【程序开始时间为：】 2020-12-05 07:00:01.250909
今天是周六，周四才能获取数据
请检查服务器时间或者等周四再取数据
程序退出.......................





【程序开始时间为：】 2020-12-06 07:00:01.548479
今天是周日，周四才能获取数据
请检查服务器时间或者等周四再取数据
程序退出.......................





【程序开始时间为：】 2020-12-07 07:00:01.545964
今天是周一，周四才能获取数据
请检查服务器时间或者等周四再取数据
程序退出.......................





【程序开始时间为：】 2020-12-08 07:00:01.517921
今天是周二，周四才能获取数据
请检查服务器时间或者等周四再取数据
程序退出.......................





【程序开始时间为：】 2020-12-09 07:00:01.291916
今天是周三，周四才能获取数据
请检查服务器时间或者等周四再取数据
程序退出.......................

1级告警20201203-20201210.csv
2级告警20201203-20201210.csv
3级告警20201203-20201210.csv




【程序开始时间为：】 2020-12-10 07:00:02.133106
今天是周四，正在获取数据......
文件目录已经存在
连接到mysql服务器...............成功！
连接到数据库查询数据..................
连接到数据库查询数据.............成功！
创建csv/1级告警20201203-20201210.csv成功
文件目录已经存在
连接到mysql服务器...............成功！
连接到数据库查询数据..................
连接到数据库查询数据.............成功！
创建csv/2级告警20201203-20201210.csv成功
文件目录已经存在
连接到mysql服务器...............成功！
连接到数据库查询数据..................
连接到数据库查询数据.............成功！
创建csv/3级告警20201203-20201210.csv成功
csv文件压缩成功
csv文件删除成功
程序开始时间为： 2020-12-10 07:07:01.352089
查询总共耗时：0:06:59.218983
正在发送邮件...............
邮件发送.........success




【程序开始时间为：】 2020-12-11 07:00:02.059089
今天是周五，周四才能获取数据
请检查服务器时间或者等周四再取数据
程序退出.......................





【程序开始时间为：】 2020-12-12 07:00:02.131559
今天是周六，周四才能获取数据
请检查服务器时间或者等周四再取数据
程序退出.......................





【程序开始时间为：】 2020-12-13 07:00:01.359005
今天是周日，周四才能获取数据
请检查服务器时间或者等周四再取数据
程序退出.......................





【程序开始时间为：】 2020-12-14 07:00:01.459128
今天是周一，周四才能获取数据
请检查服务器时间或者等周四再取数据
程序退出.......................





【程序开始时间为：】 2020-12-15 07:00:01.554337
今天是周二，周四才能获取数据
请检查服务器时间或者等周四再取数据
程序退出.......................





【程序开始时间为：】 2020-12-16 07:00:02.091563
今天是周三，周四才能获取数据
请检查服务器时间或者等周四再取数据
程序退出.......................

1级告警20201210-20201217.csv
2级告警20201210-20201217.csv
3级告警20201210-20201217.csv




【程序开始时间为：】 2020-12-17 07:00:01.538966
今天是周四，正在获取数据......
文件目录已经存在
连接到mysql服务器...............成功！
连接到数据库查询数据..................
连接到数据库查询数据.............成功！
创建csv/1级告警20201210-20201217.csv成功
文件目录已经存在
连接到mysql服务器...............成功！
连接到数据库查询数据..................
连接到数据库查询数据.............成功！
创建csv/2级告警20201210-20201217.csv成功
文件目录已经存在
连接到mysql服务器...............成功！
连接到数据库查询数据..................
连接到数据库查询数据.............成功！
创建csv/3级告警20201210-20201217.csv成功
csv文件压缩成功
csv文件删除成功
程序开始时间为： 2020-12-17 07:07:27.822848
查询总共耗时：0:07:26.283882
正在发送邮件...............
邮件发送.........success




【程序开始时间为：】 2020-12-18 07:00:01.583320
今天是周五，周四才能获取数据
请检查服务器时间或者等周四再取数据
程序退出.......................





【程序开始时间为：】 2020-12-19 07:00:01.935041
今天是周六，周四才能获取数据
请检查服务器时间或者等周四再取数据
程序退出.......................





【程序开始时间为：】 2020-12-20 07:00:01.542543
今天是周日，周四才能获取数据
请检查服务器时间或者等周四再取数据
程序退出.......................





【程序开始时间为：】 2020-12-21 07:00:01.457298
今天是周一，周四才能获取数据
请检查服务器时间或者等周四再取数据
程序退出.......................





【程序开始时间为：】 2020-12-22 07:00:01.513640
今天是周二，周四才能获取数据
请检查服务器时间或者等周四再取数据
程序退出.......................





【程序开始时间为：】 2020-12-23 07:00:01.924130
今天是周三，周四才能获取数据
请检查服务器时间或者等周四再取数据
程序退出.......................

1级告警20201217-20201224.csv
2级告警20201217-20201224.csv
3级告警20201217-20201224.csv




【程序开始时间为：】 2020-12-24 07:00:01.276292
今天是周四，正在获取数据......
文件目录已经存在
连接到mysql服务器...............成功！
连接到数据库查询数据..................
连接到数据库查询数据.............成功！
创建csv/1级告警20201217-20201224.csv成功
文件目录已经存在
连接到mysql服务器...............成功！
连接到数据库查询数据..................
连接到数据库查询数据.............成功！
创建csv/2级告警20201217-20201224.csv成功
文件目录已经存在
连接到mysql服务器...............成功！
连接到数据库查询数据..................
连接到数据库查询数据.............成功！
创建csv/3级告警20201217-20201224.csv成功
csv文件压缩成功
csv文件删除成功
程序开始时间为： 2020-12-24 07:07:24.212684
查询总共耗时：0:07:22.936392
正在发送邮件...............
邮件发送.........success




【程序开始时间为：】 2020-12-25 07:00:01.402152
今天是周五，周四才能获取数据
请检查服务器时间或者等周四再取数据
程序退出.......................





【程序开始时间为：】 2020-12-26 07:00:02.066954
今天是周六，周四才能获取数据
请检查服务器时间或者等周四再取数据
程序退出.......................





【程序开始时间为：】 2020-12-27 07:00:02.050932
今天是周日，周四才能获取数据
请检查服务器时间或者等周四再取数据
程序退出.......................





【程序开始时间为：】 2020-12-28 07:00:01.611664
今天是周一，周四才能获取数据
请检查服务器时间或者等周四再取数据
程序退出.......................

